{"C:\\Users\\César Augusto\\Desktop\\BlogFiap\\src\\app.js": {"path":"C:\\Users\\César Augusto\\Desktop\\BlogFiap\\src\\app.js","statementMap":{"0":{"start":{"line":1,"column":16},"end":{"line":1,"column":34}},"1":{"start":{"line":2,"column":12},"end":{"line":2,"column":21}},"2":{"start":{"line":3,"column":17},"end":{"line":3,"column":36}},"3":{"start":{"line":4,"column":19},"end":{"line":4,"column":49}},"4":{"start":{"line":7,"column":0},"end":{"line":7,"column":24}},"5":{"start":{"line":8,"column":0},"end":{"line":8,"column":28}},"6":{"start":{"line":10,"column":0},"end":{"line":12,"column":3}},"7":{"start":{"line":11,"column":2},"end":{"line":11,"column":71}},"8":{"start":{"line":14,"column":0},"end":{"line":16,"column":68}},"9":{"start":{"line":15,"column":14},"end":{"line":15,"column":59}},"10":{"start":{"line":16,"column":16},"end":{"line":16,"column":66}},"11":{"start":{"line":18,"column":0},"end":{"line":18,"column":21}}},"fnMap":{"0":{"name":"(anonymous_0)","decl":{"start":{"line":10,"column":13},"end":{"line":10,"column":14}},"loc":{"start":{"line":10,"column":27},"end":{"line":12,"column":1}},"line":10},"1":{"name":"(anonymous_1)","decl":{"start":{"line":15,"column":8},"end":{"line":15,"column":9}},"loc":{"start":{"line":15,"column":14},"end":{"line":15,"column":59}},"line":15},"2":{"name":"(anonymous_2)","decl":{"start":{"line":16,"column":9},"end":{"line":16,"column":10}},"loc":{"start":{"line":16,"column":16},"end":{"line":16,"column":66}},"line":16}},"branchMap":{},"s":{"0":1,"1":1,"2":1,"3":1,"4":1,"5":1,"6":1,"7":0,"8":1,"9":0,"10":1,"11":1},"f":{"0":0,"1":0,"2":1},"b":{},"_coverageSchema":"1a1c01bbd47fc00a2c39e90264f33305004495a9","hash":"e6a0816766eccb11fd06ac4907cfc1dd69276649"}
,"C:\\Users\\César Augusto\\Desktop\\BlogFiap\\src\\controllers\\PostController.js": {"path":"C:\\Users\\César Augusto\\Desktop\\BlogFiap\\src\\controllers\\PostController.js","statementMap":{"0":{"start":{"line":1,"column":13},"end":{"line":1,"column":38}},"1":{"start":{"line":3,"column":0},"end":{"line":12,"column":2}},"2":{"start":{"line":4,"column":2},"end":{"line":11,"column":3}},"3":{"start":{"line":5,"column":40},"end":{"line":5,"column":48}},"4":{"start":{"line":6,"column":20},"end":{"line":6,"column":57}},"5":{"start":{"line":7,"column":4},"end":{"line":7,"column":25}},"6":{"start":{"line":8,"column":4},"end":{"line":8,"column":34}},"7":{"start":{"line":10,"column":4},"end":{"line":10,"column":82}},"8":{"start":{"line":15,"column":0},"end":{"line":22,"column":2}},"9":{"start":{"line":16,"column":4},"end":{"line":21,"column":5}},"10":{"start":{"line":17,"column":22},"end":{"line":17,"column":63}},"11":{"start":{"line":18,"column":9},"end":{"line":18,"column":37}},"12":{"start":{"line":20,"column":8},"end":{"line":20,"column":92}},"13":{"start":{"line":25,"column":0},"end":{"line":36,"column":2}},"14":{"start":{"line":25,"column":44},"end":{"line":35,"column":3}},"15":{"start":{"line":26,"column":17},"end":{"line":26,"column":51}},"16":{"start":{"line":28,"column":4},"end":{"line":30,"column":5}},"17":{"start":{"line":29,"column":6},"end":{"line":29,"column":71}},"18":{"start":{"line":32,"column":4},"end":{"line":32,"column":31}},"19":{"start":{"line":34,"column":4},"end":{"line":34,"column":86}},"20":{"start":{"line":38,"column":0},"end":{"line":57,"column":3}},"21":{"start":{"line":38,"column":42},"end":{"line":57,"column":1}},"22":{"start":{"line":39,"column":40},"end":{"line":39,"column":48}},"23":{"start":{"line":41,"column":24},"end":{"line":45,"column":5}},"24":{"start":{"line":47,"column":4},"end":{"line":49,"column":5}},"25":{"start":{"line":48,"column":6},"end":{"line":48,"column":88}},"26":{"start":{"line":51,"column":4},"end":{"line":51,"column":38}},"27":{"start":{"line":53,"column":5},"end":{"line":55,"column":6}},"28":{"start":{"line":54,"column":8},"end":{"line":54,"column":93}},"29":{"start":{"line":56,"column":4},"end":{"line":56,"column":89}},"30":{"start":{"line":60,"column":0},"end":{"line":71,"column":2}},"31":{"start":{"line":60,"column":43},"end":{"line":70,"column":3}},"32":{"start":{"line":61,"column":24},"end":{"line":61,"column":67}},"33":{"start":{"line":63,"column":4},"end":{"line":65,"column":5}},"34":{"start":{"line":64,"column":6},"end":{"line":64,"column":85}},"35":{"start":{"line":67,"column":4},"end":{"line":67,"column":68}},"36":{"start":{"line":69,"column":4},"end":{"line":69,"column":87}},"37":{"start":{"line":74,"column":0},"end":{"line":87,"column":2}},"38":{"start":{"line":75,"column":2},"end":{"line":86,"column":3}},"39":{"start":{"line":76,"column":18},"end":{"line":76,"column":27}},"40":{"start":{"line":77,"column":18},"end":{"line":82,"column":6}},"41":{"start":{"line":83,"column":4},"end":{"line":83,"column":32}},"42":{"start":{"line":85,"column":4},"end":{"line":85,"column":77}}},"fnMap":{"0":{"name":"(anonymous_0)","decl":{"start":{"line":3,"column":21},"end":{"line":3,"column":22}},"loc":{"start":{"line":3,"column":41},"end":{"line":12,"column":1}},"line":3},"1":{"name":"(anonymous_1)","decl":{"start":{"line":15,"column":22},"end":{"line":15,"column":23}},"loc":{"start":{"line":15,"column":41},"end":{"line":22,"column":1}},"line":15},"2":{"name":"(anonymous_2)","decl":{"start":{"line":25,"column":22},"end":{"line":25,"column":23}},"loc":{"start":{"line":25,"column":42},"end":{"line":36,"column":1}},"line":25},"3":{"name":"(anonymous_3)","decl":{"start":{"line":38,"column":21},"end":{"line":38,"column":22}},"loc":{"start":{"line":38,"column":41},"end":{"line":57,"column":2}},"line":38},"4":{"name":"(anonymous_4)","decl":{"start":{"line":60,"column":21},"end":{"line":60,"column":22}},"loc":{"start":{"line":60,"column":41},"end":{"line":71,"column":1}},"line":60},"5":{"name":"(anonymous_5)","decl":{"start":{"line":74,"column":22},"end":{"line":74,"column":23}},"loc":{"start":{"line":74,"column":42},"end":{"line":87,"column":1}},"line":74}},"branchMap":{"0":{"loc":{"start":{"line":28,"column":4},"end":{"line":30,"column":5}},"type":"if","locations":[{"start":{"line":28,"column":4},"end":{"line":30,"column":5}},{"start":{},"end":{}}],"line":28},"1":{"loc":{"start":{"line":47,"column":4},"end":{"line":49,"column":5}},"type":"if","locations":[{"start":{"line":47,"column":4},"end":{"line":49,"column":5}},{"start":{},"end":{}}],"line":47},"2":{"loc":{"start":{"line":53,"column":5},"end":{"line":55,"column":6}},"type":"if","locations":[{"start":{"line":53,"column":5},"end":{"line":55,"column":6}},{"start":{},"end":{}}],"line":53},"3":{"loc":{"start":{"line":63,"column":4},"end":{"line":65,"column":5}},"type":"if","locations":[{"start":{"line":63,"column":4},"end":{"line":65,"column":5}},{"start":{},"end":{}}],"line":63}},"s":{"0":1,"1":1,"2":1,"3":1,"4":1,"5":1,"6":1,"7":0,"8":1,"9":0,"10":0,"11":0,"12":0,"13":1,"14":0,"15":0,"16":0,"17":0,"18":0,"19":0,"20":1,"21":0,"22":0,"23":0,"24":0,"25":0,"26":0,"27":0,"28":0,"29":0,"30":1,"31":0,"32":0,"33":0,"34":0,"35":0,"36":0,"37":1,"38":0,"39":0,"40":0,"41":0,"42":0},"f":{"0":1,"1":0,"2":0,"3":0,"4":0,"5":0},"b":{"0":[0,0],"1":[0,0],"2":[0,0],"3":[0,0]},"_coverageSchema":"1a1c01bbd47fc00a2c39e90264f33305004495a9","hash":"e88a15296e50aad7e3fab642db1d187ebce56978"}
,"C:\\Users\\César Augusto\\Desktop\\BlogFiap\\src\\models\\Post.js": {"path":"C:\\Users\\César Augusto\\Desktop\\BlogFiap\\src\\models\\Post.js","statementMap":{"0":{"start":{"line":1,"column":17},"end":{"line":1,"column":36}},"1":{"start":{"line":3,"column":19},"end":{"line":7,"column":24}},"2":{"start":{"line":9,"column":0},"end":{"line":9,"column":52}}},"fnMap":{},"branchMap":{},"s":{"0":1,"1":1,"2":1},"f":{},"b":{},"_coverageSchema":"1a1c01bbd47fc00a2c39e90264f33305004495a9","hash":"df93f8bb09ffcbb57d10932e542181c737b9556f"}
,"C:\\Users\\César Augusto\\Desktop\\BlogFiap\\src\\routes\\postRoutes.js": {"path":"C:\\Users\\César Augusto\\Desktop\\BlogFiap\\src\\routes\\postRoutes.js","statementMap":{"0":{"start":{"line":1,"column":16},"end":{"line":1,"column":34}},"1":{"start":{"line":2,"column":15},"end":{"line":2,"column":31}},"2":{"start":{"line":3,"column":23},"end":{"line":3,"column":63}},"3":{"start":{"line":6,"column":0},"end":{"line":6,"column":49}},"4":{"start":{"line":7,"column":0},"end":{"line":7,"column":49}},"5":{"start":{"line":8,"column":0},"end":{"line":8,"column":56}},"6":{"start":{"line":9,"column":0},"end":{"line":9,"column":53}},"7":{"start":{"line":10,"column":0},"end":{"line":10,"column":52}},"8":{"start":{"line":11,"column":0},"end":{"line":11,"column":55}},"9":{"start":{"line":13,"column":0},"end":{"line":13,"column":24}}},"fnMap":{},"branchMap":{},"s":{"0":1,"1":1,"2":1,"3":1,"4":1,"5":1,"6":1,"7":1,"8":1,"9":1},"f":{},"b":{},"_coverageSchema":"1a1c01bbd47fc00a2c39e90264f33305004495a9","hash":"9d69b93c253e7892011c1ff7dffcc844b6f1e7cf"}
}
